0 info it worked if it ends with ok
1 verbose cli [ 'C:\\Program Files\\nodejs\\\\node.exe',
1 verbose cli   'C:\\Program Files\\nodejs\\node_modules\\npm\\bin\\npm-cli.js',
1 verbose cli   'install',
1 verbose cli   'sleep' ]
2 info using npm@2.10.1
3 info using node@v0.12.4
4 verbose install initial load of C:\Users\George\Dropbox\NANO\Servidor OSC\pag-autoupdate\package.json
5 verbose installManyTop reading scoped package data from C:\Users\George\Dropbox\NANO\Servidor OSC\pag-autoupdate\node_modules\express\package.json
6 verbose installManyTop reading scoped package data from C:\Users\George\Dropbox\NANO\Servidor OSC\pag-autoupdate\node_modules\node-osc\package.json
7 verbose installManyTop reading scoped package data from C:\Users\George\Dropbox\NANO\Servidor OSC\pag-autoupdate\node_modules\socket.io\package.json
8 info package.json node-osc@1.1.0 No license field.
9 info package.json socket.io@1.3.5 No license field.
10 verbose readDependencies loading dependencies from C:\Users\George\Dropbox\NANO\Servidor OSC\pag-autoupdate\package.json
11 silly cache add args [ 'sleep', null ]
12 verbose cache add spec sleep
13 silly cache add parsed spec { raw: 'sleep',
13 silly cache add   scope: null,
13 silly cache add   name: 'sleep',
13 silly cache add   rawSpec: '',
13 silly cache add   spec: '*',
13 silly cache add   type: 'range' }
14 silly addNamed sleep@*
15 verbose addNamed "*" is a valid semver range for sleep
16 silly addNameRange { name: 'sleep', range: '*', hasData: false }
17 silly mapToRegistry name sleep
18 silly mapToRegistry using default registry
19 silly mapToRegistry registry https://registry.npmjs.org/
20 silly mapToRegistry uri https://registry.npmjs.org/sleep
21 verbose addNameRange registry:https://registry.npmjs.org/sleep not in flight; fetching
22 verbose request uri https://registry.npmjs.org/sleep
23 verbose request no auth needed
24 info attempt registry request try #1 at 17:16:12
25 verbose request id 5954f20f48482ef3
26 verbose etag "8CHWCM8WTGDTT20DRUI12JGGO"
27 http request GET https://registry.npmjs.org/sleep
28 http 304 https://registry.npmjs.org/sleep
29 silly get cb [ 304,
29 silly get   { date: 'Sat, 20 Jun 2015 20:16:14 GMT',
29 silly get     via: '1.1 varnish',
29 silly get     'cache-control': 'max-age=60',
29 silly get     etag: '"8CHWCM8WTGDTT20DRUI12JGGO"',
29 silly get     age: '0',
29 silly get     connection: 'keep-alive',
29 silly get     'x-served-by': 'cache-jfk1026-JFK',
29 silly get     'x-cache': 'MISS',
29 silly get     'x-cache-hits': '0',
29 silly get     'x-timer': 'S1434831374.691815,VS0,VE95',
29 silly get     vary: 'Accept' } ]
30 verbose etag https://registry.npmjs.org/sleep from cache
31 verbose get saving sleep to C:\Users\George\AppData\Roaming\npm-cache\registry.npmjs.org\sleep\.cache.json
32 silly addNameRange number 2 { name: 'sleep', range: '*', hasData: true }
33 silly addNameRange versions [ 'sleep',
33 silly addNameRange   [ '1.0.0',
33 silly addNameRange     '1.0.1',
33 silly addNameRange     '1.0.2',
33 silly addNameRange     '1.1.0',
33 silly addNameRange     '1.1.1',
33 silly addNameRange     '1.1.2',
33 silly addNameRange     '1.1.3',
33 silly addNameRange     '1.1.4',
33 silly addNameRange     '1.1.5',
33 silly addNameRange     '1.1.6',
33 silly addNameRange     '1.1.7',
33 silly addNameRange     '1.1.8',
33 silly addNameRange     '1.2.0',
33 silly addNameRange     '2.0.0' ] ]
34 silly addNamed sleep@2.0.0
35 verbose addNamed "2.0.0" is a plain semver version for sleep
36 silly cache afterAdd sleep@2.0.0
37 verbose afterAdd C:\Users\George\AppData\Roaming\npm-cache\sleep\2.0.0\package\package.json not in flight; writing
38 verbose afterAdd C:\Users\George\AppData\Roaming\npm-cache\sleep\2.0.0\package\package.json written
39 silly install resolved [ { name: 'sleep',
39 silly install resolved     version: '2.0.0',
39 silly install resolved     main: 'index.js',
39 silly install resolved     description: 'Add sleep() and usleep() to nodejs',
39 silly install resolved     homepage: 'http://github.com/ErikDubbelboer/node-sleep',
39 silly install resolved     author: { name: 'Erik Dubbelboer', email: 'erik@dubbelboer.com' },
39 silly install resolved     engines: { node: '>=0.4.0' },
39 silly install resolved     keywords: [ 'sleep', 'usleep' ],
39 silly install resolved     repository:
39 silly install resolved      { type: 'git',
39 silly install resolved        url: 'git+https://github.com/ErikDubbelboer/node-sleep.git' },
39 silly install resolved     dependencies: { nan: '*' },
39 silly install resolved     gypfile: true,
39 silly install resolved     scripts: { install: 'node-gyp rebuild' },
39 silly install resolved     gitHead: '3c850e05250d3ad72499fb0cefc4be13e9ce24d2',
39 silly install resolved     bugs: { url: 'https://github.com/ErikDubbelboer/node-sleep/issues' },
39 silly install resolved     _id: 'sleep@2.0.0',
39 silly install resolved     _shasum: '96d8ef97970ecad464b146ea5e86dd5d6ceb65bc',
39 silly install resolved     _from: 'sleep@*',
39 silly install resolved     _npmVersion: '1.4.28',
39 silly install resolved     _npmUser: { name: 'erikdubbelboer', email: 'erik@dubbelboer.com' },
39 silly install resolved     maintainers: [ [Object] ],
39 silly install resolved     dist:
39 silly install resolved      { shasum: '96d8ef97970ecad464b146ea5e86dd5d6ceb65bc',
39 silly install resolved        tarball: 'http://registry.npmjs.org/sleep/-/sleep-2.0.0.tgz' },
39 silly install resolved     directories: {},
39 silly install resolved     _resolved: 'https://registry.npmjs.org/sleep/-/sleep-2.0.0.tgz',
39 silly install resolved     readme: 'ERROR: No README data found!' } ]
40 info install sleep@2.0.0 into C:\Users\George\Dropbox\NANO\Servidor OSC\pag-autoupdate
41 info installOne sleep@2.0.0
42 verbose installOne of sleep to C:\Users\George\Dropbox\NANO\Servidor OSC\pag-autoupdate not in flight; installing
43 verbose lock using C:\Users\George\AppData\Roaming\npm-cache\_locks\sleep-3af0c5dc2294022b.lock for C:\Users\George\Dropbox\NANO\Servidor OSC\pag-autoupdate\node_modules\sleep
44 silly install write writing sleep 2.0.0 to C:\Users\George\Dropbox\NANO\Servidor OSC\pag-autoupdate\node_modules\sleep
45 verbose unbuild node_modules\sleep
46 silly gentlyRm C:\Users\George\Dropbox\NANO\Servidor OSC\pag-autoupdate\node_modules\sleep is being purged from base C:\Users\George\Dropbox\NANO\Servidor OSC\pag-autoupdate
47 verbose gentlyRm don't care about contents; nuking C:\Users\George\Dropbox\NANO\Servidor OSC\pag-autoupdate\node_modules\sleep
48 verbose tar unpack C:\Users\George\AppData\Roaming\npm-cache\sleep\2.0.0\package.tgz
49 verbose tar unpacking to C:\Users\George\Dropbox\NANO\Servidor OSC\pag-autoupdate\node_modules\sleep
50 silly gentlyRm C:\Users\George\Dropbox\NANO\Servidor OSC\pag-autoupdate\node_modules\sleep is being purged
51 verbose gentlyRm don't care about contents; nuking C:\Users\George\Dropbox\NANO\Servidor OSC\pag-autoupdate\node_modules\sleep
52 silly gunzTarPerm modes [ '777', '666' ]
53 silly gunzTarPerm extractEntry package.json
54 silly gunzTarPerm modified mode [ 'package.json', 436, 438 ]
55 silly gunzTarPerm extractEntry .npmignore
56 silly gunzTarPerm modified mode [ '.npmignore', 436, 438 ]
57 silly gunzTarPerm extractEntry README.md
58 silly gunzTarPerm modified mode [ 'README.md', 436, 438 ]
59 silly gunzTarPerm extractEntry test.js
60 silly gunzTarPerm modified mode [ 'test.js', 436, 438 ]
61 silly gunzTarPerm extractEntry index.js
62 silly gunzTarPerm modified mode [ 'index.js', 436, 438 ]
63 silly gunzTarPerm extractEntry LICENSE.txt
64 silly gunzTarPerm modified mode [ 'LICENSE.txt', 436, 438 ]
65 silly gunzTarPerm extractEntry sleep.cc
66 silly gunzTarPerm modified mode [ 'sleep.cc', 436, 438 ]
67 silly gunzTarPerm extractEntry binding.gyp
68 silly gunzTarPerm modified mode [ 'binding.gyp', 436, 438 ]
69 verbose write writing to C:\Users\George\Dropbox\NANO\Servidor OSC\pag-autoupdate\node_modules\sleep\package.json
70 info preinstall sleep@2.0.0
71 verbose readDependencies loading dependencies from C:\Users\George\Dropbox\NANO\Servidor OSC\pag-autoupdate\node_modules\sleep\package.json
72 silly prepareForInstallMany adding nan@* from sleep dependencies
73 verbose readDependencies loading dependencies from C:\Users\George\Dropbox\NANO\Servidor OSC\pag-autoupdate\node_modules\sleep\package.json
74 silly cache add args [ 'nan@*', null ]
75 verbose cache add spec nan@*
76 silly cache add parsed spec { raw: 'nan@*',
76 silly cache add   scope: null,
76 silly cache add   name: 'nan',
76 silly cache add   rawSpec: '*',
76 silly cache add   spec: '*',
76 silly cache add   type: 'range' }
77 silly addNamed nan@*
78 verbose addNamed "*" is a valid semver range for nan
79 silly addNameRange { name: 'nan', range: '*', hasData: false }
80 silly mapToRegistry name nan
81 silly mapToRegistry using default registry
82 silly mapToRegistry registry https://registry.npmjs.org/
83 silly mapToRegistry uri https://registry.npmjs.org/nan
84 verbose addNameRange registry:https://registry.npmjs.org/nan not in flight; fetching
85 verbose request uri https://registry.npmjs.org/nan
86 verbose request no auth needed
87 info attempt registry request try #1 at 17:16:13
88 verbose etag "CWMZR9BQ6YD6KL99MGG0CU5U5"
89 http request GET https://registry.npmjs.org/nan
90 http 304 https://registry.npmjs.org/nan
91 silly get cb [ 304,
91 silly get   { date: 'Sat, 20 Jun 2015 20:16:15 GMT',
91 silly get     via: '1.1 varnish',
91 silly get     'cache-control': 'max-age=60',
91 silly get     etag: '"CWMZR9BQ6YD6KL99MGG0CU5U5"',
91 silly get     age: '45',
91 silly get     connection: 'keep-alive',
91 silly get     'x-served-by': 'cache-jfk1029-JFK',
91 silly get     'x-cache': 'HIT',
91 silly get     'x-cache-hits': '5',
91 silly get     'x-timer': 'S1434831375.779545,VS0,VE0',
91 silly get     vary: 'Accept' } ]
92 verbose etag https://registry.npmjs.org/nan from cache
93 verbose get saving nan to C:\Users\George\AppData\Roaming\npm-cache\registry.npmjs.org\nan\.cache.json
94 silly addNameRange number 2 { name: 'nan', range: '*', hasData: true }
95 silly addNameRange versions [ 'nan',
95 silly addNameRange   [ '0.3.0-wip',
95 silly addNameRange     '0.3.0-wip2',
95 silly addNameRange     '0.3.0',
95 silly addNameRange     '0.3.1',
95 silly addNameRange     '0.3.2',
95 silly addNameRange     '0.4.0',
95 silly addNameRange     '0.4.1',
95 silly addNameRange     '0.4.2',
95 silly addNameRange     '0.4.3',
95 silly addNameRange     '0.4.4',
95 silly addNameRange     '0.5.0',
95 silly addNameRange     '0.5.1',
95 silly addNameRange     '0.5.2',
95 silly addNameRange     '0.6.0',
95 silly addNameRange     '0.7.0',
95 silly addNameRange     '0.7.1',
95 silly addNameRange     '0.8.0',
95 silly addNameRange     '1.0.0',
95 silly addNameRange     '1.1.0',
95 silly addNameRange     '1.1.1',
95 silly addNameRange     '1.1.2',
95 silly addNameRange     '1.2.0',
95 silly addNameRange     '1.3.0',
95 silly addNameRange     '1.4.0',
95 silly addNameRange     '1.4.1',
95 silly addNameRange     '1.5.0',
95 silly addNameRange     '1.4.2',
95 silly addNameRange     '1.4.3',
95 silly addNameRange     '1.5.1',
95 silly addNameRange     '1.5.2',
95 silly addNameRange     '1.6.0',
95 silly addNameRange     '1.5.3',
95 silly addNameRange     '1.6.1',
95 silly addNameRange     '1.6.2',
95 silly addNameRange     '1.7.0',
95 silly addNameRange     '1.8.0',
95 silly addNameRange     '1.8.1',
95 silly addNameRange     '1.8.2',
95 silly addNameRange     '1.8.3',
95 silly addNameRange     '1.8.4' ] ]
96 silly addNamed nan@1.8.4
97 verbose addNamed "1.8.4" is a plain semver version for nan
98 silly cache afterAdd nan@1.8.4
99 verbose afterAdd C:\Users\George\AppData\Roaming\npm-cache\nan\1.8.4\package\package.json not in flight; writing
100 verbose afterAdd C:\Users\George\AppData\Roaming\npm-cache\nan\1.8.4\package\package.json written
101 silly install resolved [ { name: 'nan',
101 silly install resolved     version: '1.8.4',
101 silly install resolved     description: 'Native Abstractions for Node.js: C++ header for Node 0.8->0.12 compatibility',
101 silly install resolved     main: 'include_dirs.js',
101 silly install resolved     repository: { type: 'git', url: 'git://github.com/iojs/nan.git' },
101 silly install resolved     scripts:
101 silly install resolved      { test: 'tap --gc test/js/*-test.js',
101 silly install resolved        'rebuild-tests': 'pangyp rebuild --directory test' },
101 silly install resolved     contributors:
101 silly install resolved      [ [Object],
101 silly install resolved        [Object],
101 silly install resolved        [Object],
101 silly install resolved        [Object],
101 silly install resolved        [Object],
101 silly install resolved        [Object],
101 silly install resolved        [Object] ],
101 silly install resolved     devDependencies:
101 silly install resolved      { bindings: '~1.2.1',
101 silly install resolved        'node-gyp': '~1.0.2',
101 silly install resolved        pangyp: '~2.0.1',
101 silly install resolved        tap: '~0.7.1',
101 silly install resolved        xtend: '~4.0.0' },
101 silly install resolved     license: 'MIT',
101 silly install resolved     gitHead: 'ed3bbf4ced0cf7937b4e4164766797f71aa97f3d',
101 silly install resolved     bugs: { url: 'https://github.com/iojs/nan/issues' },
101 silly install resolved     homepage: 'https://github.com/iojs/nan#readme',
101 silly install resolved     _id: 'nan@1.8.4',
101 silly install resolved     _shasum: '3c76b5382eab33e44b758d2813ca9d92e9342f34',
101 silly install resolved     _from: 'nan@*',
101 silly install resolved     _npmVersion: '2.8.3',
101 silly install resolved     _nodeVersion: '0.12.2',
101 silly install resolved     _npmUser: { name: 'kkoopa', email: 'bbyholm@abo.fi' },
101 silly install resolved     maintainers: [ [Object], [Object] ],
101 silly install resolved     dist:
101 silly install resolved      { shasum: '3c76b5382eab33e44b758d2813ca9d92e9342f34',
101 silly install resolved        tarball: 'http://registry.npmjs.org/nan/-/nan-1.8.4.tgz' },
101 silly install resolved     directories: {},
101 silly install resolved     _resolved: 'https://registry.npmjs.org/nan/-/nan-1.8.4.tgz',
101 silly install resolved     readme: 'ERROR: No README data found!' } ]
102 info install nan@1.8.4 into C:\Users\George\Dropbox\NANO\Servidor OSC\pag-autoupdate\node_modules\sleep
103 info installOne nan@1.8.4
104 verbose installOne of nan to C:\Users\George\Dropbox\NANO\Servidor OSC\pag-autoupdate\node_modules\sleep not in flight; installing
105 verbose lock using C:\Users\George\AppData\Roaming\npm-cache\_locks\nan-3d73a545aad3569a.lock for C:\Users\George\Dropbox\NANO\Servidor OSC\pag-autoupdate\node_modules\sleep\node_modules\nan
106 silly install write writing nan 1.8.4 to C:\Users\George\Dropbox\NANO\Servidor OSC\pag-autoupdate\node_modules\sleep\node_modules\nan
107 verbose unbuild node_modules\sleep\node_modules\nan
108 silly gentlyRm C:\Users\George\Dropbox\NANO\Servidor OSC\pag-autoupdate\node_modules\sleep\node_modules\nan is being purged from base C:\Users\George\Dropbox\NANO\Servidor OSC\pag-autoupdate
109 verbose gentlyRm don't care about contents; nuking C:\Users\George\Dropbox\NANO\Servidor OSC\pag-autoupdate\node_modules\sleep\node_modules\nan
110 verbose tar unpack C:\Users\George\AppData\Roaming\npm-cache\nan\1.8.4\package.tgz
111 verbose tar unpacking to C:\Users\George\Dropbox\NANO\Servidor OSC\pag-autoupdate\node_modules\sleep\node_modules\nan
112 silly gentlyRm C:\Users\George\Dropbox\NANO\Servidor OSC\pag-autoupdate\node_modules\sleep\node_modules\nan is being purged
113 verbose gentlyRm don't care about contents; nuking C:\Users\George\Dropbox\NANO\Servidor OSC\pag-autoupdate\node_modules\sleep\node_modules\nan
114 silly gunzTarPerm modes [ '777', '666' ]
115 silly gunzTarPerm extractEntry package.json
116 silly gunzTarPerm modified mode [ 'package.json', 436, 438 ]
117 silly gunzTarPerm extractEntry README.md
118 silly gunzTarPerm modified mode [ 'README.md', 436, 438 ]
119 silly gunzTarPerm extractEntry include_dirs.js
120 silly gunzTarPerm modified mode [ 'include_dirs.js', 436, 438 ]
121 silly gunzTarPerm extractEntry LICENSE.md
122 silly gunzTarPerm modified mode [ 'LICENSE.md', 436, 438 ]
123 silly gunzTarPerm extractEntry .dntrc
124 silly gunzTarPerm modified mode [ '.dntrc', 436, 438 ]
125 silly gunzTarPerm extractEntry appveyor.yml
126 silly gunzTarPerm modified mode [ 'appveyor.yml', 436, 438 ]
127 silly gunzTarPerm extractEntry nan.h
128 silly gunzTarPerm modified mode [ 'nan.h', 436, 438 ]
129 silly gunzTarPerm extractEntry nan_implementation_12_inl.h
130 silly gunzTarPerm modified mode [ 'nan_implementation_12_inl.h', 436, 438 ]
131 silly gunzTarPerm extractEntry nan_implementation_pre_12_inl.h
132 silly gunzTarPerm modified mode [ 'nan_implementation_pre_12_inl.h', 436, 438 ]
133 silly gunzTarPerm extractEntry nan_new.h
134 silly gunzTarPerm modified mode [ 'nan_new.h', 436, 438 ]
135 silly gunzTarPerm extractEntry nan_string_bytes.h
136 silly gunzTarPerm modified mode [ 'nan_string_bytes.h', 436, 438 ]
137 silly gunzTarPerm extractEntry CHANGELOG.md
138 silly gunzTarPerm modified mode [ 'CHANGELOG.md', 436, 438 ]
139 verbose write writing to C:\Users\George\Dropbox\NANO\Servidor OSC\pag-autoupdate\node_modules\sleep\node_modules\nan\package.json
140 info preinstall nan@1.8.4
141 verbose readDependencies loading dependencies from C:\Users\George\Dropbox\NANO\Servidor OSC\pag-autoupdate\node_modules\sleep\node_modules\nan\package.json
142 verbose readDependencies loading dependencies from C:\Users\George\Dropbox\NANO\Servidor OSC\pag-autoupdate\node_modules\sleep\node_modules\nan\package.json
143 silly install resolved []
144 verbose about to build C:\Users\George\Dropbox\NANO\Servidor OSC\pag-autoupdate\node_modules\sleep\node_modules\nan
145 info build C:\Users\George\Dropbox\NANO\Servidor OSC\pag-autoupdate\node_modules\sleep\node_modules\nan
146 info linkStuff nan@1.8.4
147 silly linkStuff nan@1.8.4 has C:\Users\George\Dropbox\NANO\Servidor OSC\pag-autoupdate\node_modules\sleep\node_modules as its parent node_modules
148 verbose linkBins nan@1.8.4
149 verbose linkMans nan@1.8.4
150 verbose rebuildBundles nan@1.8.4
151 info install nan@1.8.4
152 info postinstall nan@1.8.4
153 verbose unlock done using C:\Users\George\AppData\Roaming\npm-cache\_locks\nan-3d73a545aad3569a.lock for C:\Users\George\Dropbox\NANO\Servidor OSC\pag-autoupdate\node_modules\sleep\node_modules\nan
154 verbose about to build C:\Users\George\Dropbox\NANO\Servidor OSC\pag-autoupdate\node_modules\sleep
155 info build C:\Users\George\Dropbox\NANO\Servidor OSC\pag-autoupdate\node_modules\sleep
156 info linkStuff sleep@2.0.0
157 silly linkStuff sleep@2.0.0 has C:\Users\George\Dropbox\NANO\Servidor OSC\pag-autoupdate\node_modules as its parent node_modules
158 verbose linkBins sleep@2.0.0
159 verbose linkMans sleep@2.0.0
160 verbose rebuildBundles sleep@2.0.0
161 verbose rebuildBundles [ 'nan' ]
162 info install sleep@2.0.0
163 verbose unsafe-perm in lifecycle true
164 info sleep@2.0.0 Failed to exec install script
165 verbose unlock done using C:\Users\George\AppData\Roaming\npm-cache\_locks\sleep-3af0c5dc2294022b.lock for C:\Users\George\Dropbox\NANO\Servidor OSC\pag-autoupdate\node_modules\sleep
166 verbose stack Error: sleep@2.0.0 install: `node-gyp rebuild`
166 verbose stack Exit status 1
166 verbose stack     at EventEmitter.<anonymous> (C:\Program Files\nodejs\node_modules\npm\lib\utils\lifecycle.js:213:16)
166 verbose stack     at EventEmitter.emit (events.js:110:17)
166 verbose stack     at ChildProcess.<anonymous> (C:\Program Files\nodejs\node_modules\npm\lib\utils\spawn.js:24:14)
166 verbose stack     at ChildProcess.emit (events.js:110:17)
166 verbose stack     at maybeClose (child_process.js:1015:16)
166 verbose stack     at Process.ChildProcess._handle.onexit (child_process.js:1087:5)
167 verbose pkgid sleep@2.0.0
168 verbose cwd C:\Users\George\Dropbox\NANO\Servidor OSC\pag-autoupdate
169 error Windows_NT 6.3.9600
170 error argv "C:\\Program Files\\nodejs\\\\node.exe" "C:\\Program Files\\nodejs\\node_modules\\npm\\bin\\npm-cli.js" "install" "sleep"
171 error node v0.12.4
172 error npm  v2.10.1
173 error code ELIFECYCLE
174 error sleep@2.0.0 install: `node-gyp rebuild`
174 error Exit status 1
175 error Failed at the sleep@2.0.0 install script 'node-gyp rebuild'.
175 error This is most likely a problem with the sleep package,
175 error not with npm itself.
175 error Tell the author that this fails on your system:
175 error     node-gyp rebuild
175 error You can get their info via:
175 error     npm owner ls sleep
175 error There is likely additional logging output above.
176 verbose exit [ 1, true ]
177 verbose unbuild node_modules\sleep
178 info preuninstall sleep@2.0.0
179 info uninstall sleep@2.0.0
180 verbose unbuild rmStuff sleep@2.0.0 from C:\Users\George\Dropbox\NANO\Servidor OSC\pag-autoupdate\node_modules
181 info postuninstall sleep@2.0.0
182 silly gentlyRm C:\Users\George\Dropbox\NANO\Servidor OSC\pag-autoupdate\node_modules\sleep is being purged from base C:\Users\George\Dropbox\NANO\Servidor OSC\pag-autoupdate
183 verbose gentlyRm don't care about contents; nuking C:\Users\George\Dropbox\NANO\Servidor OSC\pag-autoupdate\node_modules\sleep
184 silly vacuum-fs purging C:\Users\George\Dropbox\NANO\Servidor OSC\pag-autoupdate\node_modules\sleep
185 silly vacuum-fs quitting because other entries in C:\Users\George\Dropbox\NANO\Servidor OSC\pag-autoupdate\node_modules
